c:\users\tyler\source\repos\ncgame\engine\debug\vc141.pdb
c:\users\tyler\documents\github\gamelibrariesproject\ncgame\engine\debug\vc141.pdb
c:\users\tyler\documents\github\gamelibrariesproject\ncgame\engine\debug\vc141.idb
c:\users\tyler\documents\github\gamelibrariesproject\ncgame\engine\debug\audiosystems.obj
c:\users\tyler\documents\github\gamelibrariesproject\ncgame\engine\debug\debugdraw.obj
c:\users\tyler\documents\github\gamelibrariesproject\ncgame\engine\debug\eventmanager.obj
c:\users\tyler\documents\github\gamelibrariesproject\ncgame\engine\debug\kinematiccomponent.obj
c:\users\tyler\documents\github\gamelibrariesproject\ncgame\engine\debug\shipexplosion.obj
c:\users\tyler\documents\github\gamelibrariesproject\ncgame\engine\debug\textcomponent.obj
c:\users\tyler\documents\github\gamelibrariesproject\ncgame\engine\debug\transfromcontrollercomponent.obj
c:\users\tyler\documents\github\gamelibrariesproject\ncgame\engine\debug\matrix22.obj
c:\users\tyler\documents\github\gamelibrariesproject\ncgame\engine\debug\textmanager.obj
c:\users\tyler\documents\github\gamelibrariesproject\ncgame\engine\debug\vector3d.obj
c:\users\tyler\documents\github\gamelibrariesproject\ncgame\engine\debug\transform.obj
c:\users\tyler\documents\github\gamelibrariesproject\ncgame\engine\debug\texture.obj
c:\users\tyler\documents\github\gamelibrariesproject\ncgame\engine\debug\statemachine.obj
c:\users\tyler\documents\github\gamelibrariesproject\ncgame\engine\debug\state.obj
c:\users\tyler\documents\github\gamelibrariesproject\ncgame\engine\debug\spritecomponent.obj
c:\users\tyler\documents\github\gamelibrariesproject\ncgame\engine\debug\scene.obj
c:\users\tyler\documents\github\gamelibrariesproject\ncgame\engine\debug\physics.obj
c:\users\tyler\documents\github\gamelibrariesproject\ncgame\engine\debug\object.obj
c:\users\tyler\documents\github\gamelibrariesproject\ncgame\engine\debug\inputmanager.obj
c:\users\tyler\documents\github\gamelibrariesproject\ncgame\engine\debug\id.obj
c:\users\tyler\documents\github\gamelibrariesproject\ncgame\engine\debug\filesystem.obj
c:\users\tyler\documents\github\gamelibrariesproject\ncgame\engine\debug\entity.obj
c:\users\tyler\documents\github\gamelibrariesproject\ncgame\engine\debug\engine.obj
c:\users\tyler\documents\github\gamelibrariesproject\ncgame\engine\debug\explosion.obj
c:\users\tyler\documents\github\gamelibrariesproject\ncgame\engine\debug\controllercomponent.obj
c:\users\tyler\documents\github\gamelibrariesproject\ncgame\engine\debug\component.obj
c:\users\tyler\documents\github\gamelibrariesproject\ncgame\engine\debug\color.obj
c:\users\tyler\documents\github\gamelibrariesproject\ncgame\engine\debug\animationcomponent.obj
c:\users\tyler\documents\github\gamelibrariesproject\ncgame\engine\debug\aabbcomponent.obj
c:\users\tyler\documents\github\gamelibrariesproject\ncgame\engine\debug\aabb.obj
c:\users\tyler\documents\github\gamelibrariesproject\ncgame\engine\debug\vector2d.obj
c:\users\tyler\documents\github\gamelibrariesproject\ncgame\engine\debug\timer.obj
c:\users\tyler\documents\github\gamelibrariesproject\ncgame\engine\debug\texturemanager.obj
c:\users\tyler\documents\github\gamelibrariesproject\ncgame\engine\debug\text.obj
c:\users\tyler\documents\github\gamelibrariesproject\ncgame\engine\debug\renderer.obj
c:\users\tyler\documents\github\gamelibrariesproject\ncgame\engine\debug\matrix33.obj
c:\users\tyler\documents\github\gamelibrariesproject\ncgame\engine\debug\_math.obj
c:\users\tyler\documents\github\gamelibrariesproject\ncgame\engine\debug\waypointcontrollercomponent.obj
c:\users\tyler\documents\github\gamelibrariesproject\ncgame\engine\debug\waypoint.obj
c:\users\tyler\documents\github\gamelibrariesproject\ncgame\engine\debug\transformcomponent.obj
c:\users\tyler\source\repos\ncgame\debug\engine.lib
c:\users\tyler\source\repos\ncgame\debug\engine.exp
c:\users\tyler\documents\github\gamelibrariesproject\ncgame\debug\engine.lib
c:\users\tyler\documents\github\gamelibrariesproject\ncgame\debug\engine.exp
c:\users\tyler\source\repos\ncgame\debug\engine.ilk
c:\users\tyler\source\repos\ncgame\debug\engine.dll
c:\users\tyler\source\repos\ncgame\debug\engine.pdb
c:\users\tyler\documents\github\gamelibrariesproject\ncgame\debug\engine.dll
c:\users\tyler\documents\github\gamelibrariesproject\ncgame\debug\engine.ilk
c:\users\tyler\documents\github\gamelibrariesproject\ncgame\debug\engine.pdb
c:\users\tyler\documents\github\gamelibrariesproject\ncgame\engine\debug\shipcontrollercomponent.obj
c:\users\tyler\documents\github\gamelibrariesproject\ncgame\engine\debug\engine.tlog\cl.command.1.tlog
c:\users\tyler\documents\github\gamelibrariesproject\ncgame\engine\debug\engine.tlog\cl.read.1.tlog
c:\users\tyler\documents\github\gamelibrariesproject\ncgame\engine\debug\engine.tlog\cl.write.1.tlog
c:\users\tyler\documents\github\gamelibrariesproject\ncgame\engine\debug\engine.tlog\engine.write.1u.tlog
c:\users\tyler\documents\github\gamelibrariesproject\ncgame\engine\debug\engine.tlog\link.10736.delete.1.tlog
c:\users\tyler\documents\github\gamelibrariesproject\ncgame\engine\debug\engine.tlog\link.11436.delete.1.tlog
c:\users\tyler\documents\github\gamelibrariesproject\ncgame\engine\debug\engine.tlog\link.16068.delete.1.tlog
c:\users\tyler\documents\github\gamelibrariesproject\ncgame\engine\debug\engine.tlog\link.19732.delete.1.tlog
c:\users\tyler\documents\github\gamelibrariesproject\ncgame\engine\debug\engine.tlog\link.20396.delete.1.tlog
c:\users\tyler\documents\github\gamelibrariesproject\ncgame\engine\debug\engine.tlog\link.20684.delete.1.tlog
c:\users\tyler\documents\github\gamelibrariesproject\ncgame\engine\debug\engine.tlog\link.23104.delete.1.tlog
c:\users\tyler\documents\github\gamelibrariesproject\ncgame\engine\debug\engine.tlog\link.26976.delete.1.tlog
c:\users\tyler\documents\github\gamelibrariesproject\ncgame\engine\debug\engine.tlog\link.8160.delete.1.tlog
c:\users\tyler\documents\github\gamelibrariesproject\ncgame\engine\debug\engine.tlog\link.9092.delete.1.tlog
c:\users\tyler\documents\github\gamelibrariesproject\ncgame\engine\debug\engine.tlog\link.command.1.tlog
c:\users\tyler\documents\github\gamelibrariesproject\ncgame\engine\debug\engine.tlog\link.read.1.tlog
c:\users\tyler\documents\github\gamelibrariesproject\ncgame\engine\debug\engine.tlog\link.write.1.tlog
