  aabb.cpp
c:\users\tyler\documents\github\gamelibrariesproject\ncgame\engine\aabb.cpp(5): warning C4273: 'AABB::Draw': inconsistent dll linkage
  c:\users\tyler\documents\github\gamelibrariesproject\ncgame\engine\aabb.h(41): note: see previous definition of 'Draw'
  aabbComponent.cpp
c:\users\tyler\documents\github\gamelibrariesproject\ncgame\engine\aabbcomponent.cpp(9): warning C4273: 'AABBComponent::Create': inconsistent dll linkage
  c:\users\tyler\documents\github\gamelibrariesproject\ncgame\engine\aabbcomponent.h(10): note: see previous definition of 'Create'
c:\users\tyler\documents\github\gamelibrariesproject\ncgame\engine\aabbcomponent.cpp(14): warning C4273: 'AABBComponent::Destroy': inconsistent dll linkage
  c:\users\tyler\documents\github\gamelibrariesproject\ncgame\engine\aabbcomponent.h(11): note: see previous definition of 'Destroy'
c:\users\tyler\documents\github\gamelibrariesproject\ncgame\engine\aabbcomponent.cpp(19): warning C4273: 'AABBComponent::Update': inconsistent dll linkage
  c:\users\tyler\documents\github\gamelibrariesproject\ncgame\engine\aabbcomponent.h(12): note: see previous definition of 'Update'
c:\users\tyler\documents\github\gamelibrariesproject\ncgame\engine\aabbcomponent.cpp(40): warning C4273: 'AABBComponent::Intersects': inconsistent dll linkage
  c:\users\tyler\documents\github\gamelibrariesproject\ncgame\engine\aabbcomponent.h(14): note: see previous definition of 'Intersects'
  animationComponent.cpp
c:\users\tyler\documents\github\gamelibrariesproject\ncgame\engine\animationcomponent.h(25): warning C4267: 'return': conversion from 'size_t' to 'int', possible loss of data
c:\users\tyler\documents\github\gamelibrariesproject\ncgame\engine\animationcomponent.cpp(9): warning C4273: 'AnimationComponent::Create': inconsistent dll linkage
  c:\users\tyler\documents\github\gamelibrariesproject\ncgame\engine\animationcomponent.h(21): note: see previous definition of 'Create'
c:\users\tyler\documents\github\gamelibrariesproject\ncgame\engine\animationcomponent.cpp(21): warning C4273: 'AnimationComponent::Destroy': inconsistent dll linkage
  c:\users\tyler\documents\github\gamelibrariesproject\ncgame\engine\animationcomponent.h(22): note: see previous definition of 'Destroy'
c:\users\tyler\documents\github\gamelibrariesproject\ncgame\engine\animationcomponent.cpp(31): warning C4273: 'AnimationComponent::Update': inconsistent dll linkage
  c:\users\tyler\documents\github\gamelibrariesproject\ncgame\engine\animationcomponent.h(23): note: see previous definition of 'Update'
c:\users\tyler\documents\github\gamelibrariesproject\ncgame\engine\animationcomponent.cpp(49): warning C4267: '=': conversion from 'size_t' to 'int', possible loss of data
c:\users\tyler\documents\github\gamelibrariesproject\ncgame\engine\animationcomponent.cpp(71): warning C4273: 'AnimationComponent::GetTexture': inconsistent dll linkage
  c:\users\tyler\documents\github\gamelibrariesproject\ncgame\engine\animationcomponent.h(27): note: see previous definition of 'GetTexture'
  audioSystems.cpp
c:\users\tyler\documents\github\gamelibrariesproject\ncgame\engine\audiosystems.cpp(6): warning C4273: 'AudioSystems::Initialize': inconsistent dll linkage
  c:\users\tyler\documents\github\gamelibrariesproject\ncgame\engine\audiosystems.h(15): note: see previous definition of 'Initialize'
c:\users\tyler\documents\github\gamelibrariesproject\ncgame\engine\audiosystems.cpp(20): warning C4273: 'AudioSystems::Shutdown': inconsistent dll linkage
  c:\users\tyler\documents\github\gamelibrariesproject\ncgame\engine\audiosystems.h(16): note: see previous definition of 'Shutdown'
c:\users\tyler\documents\github\gamelibrariesproject\ncgame\engine\audiosystems.cpp(30): warning C4273: 'AudioSystems::Update': inconsistent dll linkage
  c:\users\tyler\documents\github\gamelibrariesproject\ncgame\engine\audiosystems.h(17): note: see previous definition of 'Update'
c:\users\tyler\documents\github\gamelibrariesproject\ncgame\engine\audiosystems.cpp(36): warning C4273: 'AudioSystems::AddSound': inconsistent dll linkage
  c:\users\tyler\documents\github\gamelibrariesproject\ncgame\engine\audiosystems.h(19): note: see previous definition of 'AddSound'
c:\users\tyler\documents\github\gamelibrariesproject\ncgame\engine\audiosystems.cpp(51): warning C4273: 'AudioSystems::PlaySound': inconsistent dll linkage
  c:\users\tyler\documents\github\gamelibrariesproject\ncgame\engine\audiosystems.h(20): note: see previous definition of 'PlaySound'
c:\users\tyler\documents\github\gamelibrariesproject\ncgame\engine\audiosystems.cpp(67): warning C4273: 'AudioSystems::RemoveSound': inconsistent dll linkage
  c:\users\tyler\documents\github\gamelibrariesproject\ncgame\engine\audiosystems.h(21): note: see previous definition of 'RemoveSound'
  color.cpp
c:\users\tyler\documents\github\gamelibrariesproject\ncgame\engine\color.cpp(3): warning C4273: 'red': inconsistent dll linkage
  c:\users\tyler\documents\github\gamelibrariesproject\ncgame\engine\color.h(55): note: see previous definition of 'public: static Color const Color::red'
c:\users\tyler\documents\github\gamelibrariesproject\ncgame\engine\color.cpp(3): error C2491: 'Color::red': definition of dllimport static data member not allowed
c:\users\tyler\documents\github\gamelibrariesproject\ncgame\engine\color.cpp(4): warning C4273: 'green': inconsistent dll linkage
  c:\users\tyler\documents\github\gamelibrariesproject\ncgame\engine\color.h(56): note: see previous definition of 'public: static Color const Color::green'
c:\users\tyler\documents\github\gamelibrariesproject\ncgame\engine\color.cpp(4): error C2491: 'Color::green': definition of dllimport static data member not allowed
c:\users\tyler\documents\github\gamelibrariesproject\ncgame\engine\color.cpp(5): warning C4273: 'blue': inconsistent dll linkage
  c:\users\tyler\documents\github\gamelibrariesproject\ncgame\engine\color.h(57): note: see previous definition of 'public: static Color const Color::blue'
c:\users\tyler\documents\github\gamelibrariesproject\ncgame\engine\color.cpp(5): error C2491: 'Color::blue': definition of dllimport static data member not allowed
c:\users\tyler\documents\github\gamelibrariesproject\ncgame\engine\color.cpp(6): warning C4273: 'white': inconsistent dll linkage
  c:\users\tyler\documents\github\gamelibrariesproject\ncgame\engine\color.h(58): note: see previous definition of 'public: static Color const Color::white'
c:\users\tyler\documents\github\gamelibrariesproject\ncgame\engine\color.cpp(6): error C2491: 'Color::white': definition of dllimport static data member not allowed
c:\users\tyler\documents\github\gamelibrariesproject\ncgame\engine\color.cpp(7): warning C4273: 'orange': inconsistent dll linkage
  c:\users\tyler\documents\github\gamelibrariesproject\ncgame\engine\color.h(59): note: see previous definition of 'public: static Color const Color::orange'
c:\users\tyler\documents\github\gamelibrariesproject\ncgame\engine\color.cpp(7): error C2491: 'Color::orange': definition of dllimport static data member not allowed
c:\users\tyler\documents\github\gamelibrariesproject\ncgame\engine\color.cpp(8): warning C4273: 'yellow': inconsistent dll linkage
  c:\users\tyler\documents\github\gamelibrariesproject\ncgame\engine\color.h(60): note: see previous definition of 'public: static Color const Color::yellow'
c:\users\tyler\documents\github\gamelibrariesproject\ncgame\engine\color.cpp(8): error C2491: 'Color::yellow': definition of dllimport static data member not allowed
c:\users\tyler\documents\github\gamelibrariesproject\ncgame\engine\color.cpp(9): warning C4273: 'magenta': inconsistent dll linkage
  c:\users\tyler\documents\github\gamelibrariesproject\ncgame\engine\color.h(61): note: see previous definition of 'public: static Color const Color::magenta'
c:\users\tyler\documents\github\gamelibrariesproject\ncgame\engine\color.cpp(9): error C2491: 'Color::magenta': definition of dllimport static data member not allowed
c:\users\tyler\documents\github\gamelibrariesproject\ncgame\engine\color.cpp(10): warning C4273: 'cyan': inconsistent dll linkage
  c:\users\tyler\documents\github\gamelibrariesproject\ncgame\engine\color.h(62): note: see previous definition of 'public: static Color const Color::cyan'
c:\users\tyler\documents\github\gamelibrariesproject\ncgame\engine\color.cpp(10): error C2491: 'Color::cyan': definition of dllimport static data member not allowed
c:\users\tyler\documents\github\gamelibrariesproject\ncgame\engine\color.cpp(11): warning C4273: 'black': inconsistent dll linkage
  c:\users\tyler\documents\github\gamelibrariesproject\ncgame\engine\color.h(63): note: see previous definition of 'public: static Color const Color::black'
c:\users\tyler\documents\github\gamelibrariesproject\ncgame\engine\color.cpp(11): error C2491: 'Color::black': definition of dllimport static data member not allowed
  component.cpp
  controllerComponent.cpp
  debugDraw.cpp
c:\users\tyler\documents\github\gamelibrariesproject\ncgame\engine\debugdraw.cpp(5): warning C4273: 'Debug::DrawAABB': inconsistent dll linkage
  c:\users\tyler\documents\github\gamelibrariesproject\ncgame\engine\debugdraw.h(8): note: see previous definition of 'DrawAABB'
c:\users\tyler\documents\github\gamelibrariesproject\ncgame\engine\debugdraw.cpp(18): warning C4273: 'Debug::DrawLine': inconsistent dll linkage
  c:\users\tyler\documents\github\gamelibrariesproject\ncgame\engine\debugdraw.h(9): note: see previous definition of 'DrawLine'
c:\users\tyler\documents\github\gamelibrariesproject\ncgame\engine\debugdraw.cpp(23): warning C4273: 'Debug::DrawCross': inconsistent dll linkage
  c:\users\tyler\documents\github\gamelibrariesproject\ncgame\engine\debugdraw.h(10): note: see previous definition of 'DrawCross'
  explosion.cpp
c:\users\tyler\documents\github\gamelibrariesproject\ncgame\engine\animationcomponent.h(25): warning C4267: 'return': conversion from 'size_t' to 'int', possible loss of data
c:\users\tyler\documents\github\gamelibrariesproject\ncgame\engine\explosion.cpp(7): warning C4273: 'Explosion::Create': inconsistent dll linkage
  c:\users\tyler\documents\github\gamelibrariesproject\ncgame\engine\explosion.h(19): note: see previous definition of 'Create'
c:\users\tyler\documents\github\gamelibrariesproject\ncgame\engine\explosion.cpp(34): warning C4273: 'Explosion::Update': inconsistent dll linkage
  c:\users\tyler\documents\github\gamelibrariesproject\ncgame\engine\explosion.h(20): note: see previous definition of 'Update'
  engine.cpp
c:\users\tyler\documents\github\gamelibrariesproject\ncgame\engine\engine.cpp(20): warning C4273: 'Engine::Initialize': inconsistent dll linkage
  c:\users\tyler\documents\github\gamelibrariesproject\ncgame\engine\engine.h(26): note: see previous definition of 'Initialize'
c:\users\tyler\documents\github\gamelibrariesproject\ncgame\engine\engine.cpp(41): warning C4273: 'Engine::Shutdown': inconsistent dll linkage
  c:\users\tyler\documents\github\gamelibrariesproject\ncgame\engine\engine.h(28): note: see previous definition of 'Shutdown'
c:\users\tyler\documents\github\gamelibrariesproject\ncgame\engine\engine.cpp(53): warning C4273: 'Engine::Update': inconsistent dll linkage
  c:\users\tyler\documents\github\gamelibrariesproject\ncgame\engine\engine.h(27): note: see previous definition of 'Update'
  entity.cpp
c:\users\tyler\documents\github\gamelibrariesproject\ncgame\engine\entity.cpp(7): warning C4273: 'Entity::Destroy': inconsistent dll linkage
  c:\users\tyler\documents\github\gamelibrariesproject\ncgame\engine\entity.h(27): note: see previous definition of 'Destroy'
c:\users\tyler\documents\github\gamelibrariesproject\ncgame\engine\entity.cpp(18): warning C4273: 'Entity::Update': inconsistent dll linkage
  c:\users\tyler\documents\github\gamelibrariesproject\ncgame\engine\entity.h(28): note: see previous definition of 'Update'
c:\users\tyler\documents\github\gamelibrariesproject\ncgame\engine\entity.cpp(26): warning C4273: 'Entity::Draw': inconsistent dll linkage
  c:\users\tyler\documents\github\gamelibrariesproject\ncgame\engine\entity.h(29): note: see previous definition of 'Draw'
c:\users\tyler\documents\github\gamelibrariesproject\ncgame\engine\entity.cpp(35): warning C4273: 'Entity::OnEvent': inconsistent dll linkage
  c:\users\tyler\documents\github\gamelibrariesproject\ncgame\engine\entity.h(31): note: see previous definition of 'OnEvent'
c:\users\tyler\documents\github\gamelibrariesproject\ncgame\engine\entity.cpp(41): warning C4273: 'Entity::AddComponent': inconsistent dll linkage
  c:\users\tyler\documents\github\gamelibrariesproject\ncgame\engine\entity.h(43): note: see previous definition of 'AddComponent'
c:\users\tyler\documents\github\gamelibrariesproject\ncgame\engine\entity.cpp(49): warning C4273: 'Entity::RemoveComponent': inconsistent dll linkage
  c:\users\tyler\documents\github\gamelibrariesproject\ncgame\engine\entity.h(44): note: see previous definition of 'RemoveComponent'
c:\users\tyler\documents\github\gamelibrariesproject\ncgame\engine\entity.cpp(61): warning C4273: 'Entity::Intersects': inconsistent dll linkage
  c:\users\tyler\documents\github\gamelibrariesproject\ncgame\engine\entity.h(46): note: see previous definition of 'Intersects'
  eventManager.cpp
c:\users\tyler\documents\github\gamelibrariesproject\ncgame\engine\eventmanager.cpp(5): warning C4273: 'EventManager::Initialize': inconsistent dll linkage
  c:\users\tyler\documents\github\gamelibrariesproject\ncgame\engine\eventmanager.h(11): note: see previous definition of 'Initialize'
c:\users\tyler\documents\github\gamelibrariesproject\ncgame\engine\eventmanager.cpp(12): warning C4273: 'EventManager::Shutdown': inconsistent dll linkage
  c:\users\tyler\documents\github\gamelibrariesproject\ncgame\engine\eventmanager.h(12): note: see previous definition of 'Shutdown'
c:\users\tyler\documents\github\gamelibrariesproject\ncgame\engine\eventmanager.cpp(17): warning C4273: 'EventManager::Update': inconsistent dll linkage
  c:\users\tyler\documents\github\gamelibrariesproject\ncgame\engine\eventmanager.h(13): note: see previous definition of 'Update'
c:\users\tyler\documents\github\gamelibrariesproject\ncgame\engine\eventmanager.cpp(22): warning C4273: 'EventManager::SendMessage': inconsistent dll linkage
  c:\users\tyler\documents\github\gamelibrariesproject\ncgame\engine\eventmanager.h(15): note: see previous definition of 'SendMessage'
c:\users\tyler\documents\github\gamelibrariesproject\ncgame\engine\eventmanager.cpp(27): warning C4273: 'EventManager::SendGameMessage': inconsistent dll linkage
  c:\users\tyler\documents\github\gamelibrariesproject\ncgame\engine\eventmanager.h(16): note: see previous definition of 'SendGameMessage'
  fileSystem.cpp
c:\users\tyler\documents\github\gamelibrariesproject\ncgame\engine\filesystem.cpp(4): warning C4273: 'FileSystem::Initialize': inconsistent dll linkage
  c:\users\tyler\documents\github\gamelibrariesproject\ncgame\engine\filesystem.h(9): note: see previous definition of 'Initialize'
c:\users\tyler\documents\github\gamelibrariesproject\ncgame\engine\filesystem.cpp(10): warning C4273: 'FileSystem::Shutdown': inconsistent dll linkage
  c:\users\tyler\documents\github\gamelibrariesproject\ncgame\engine\filesystem.h(10): note: see previous definition of 'Shutdown'
c:\users\tyler\documents\github\gamelibrariesproject\ncgame\engine\filesystem.cpp(14): warning C4273: 'FileSystem::Update': inconsistent dll linkage
  c:\users\tyler\documents\github\gamelibrariesproject\ncgame\engine\filesystem.h(11): note: see previous definition of 'Update'
  id.cpp
c:\users\tyler\documents\github\gamelibrariesproject\ncgame\engine\id.cpp(3): warning C4273: 'ms_uniqueID': inconsistent dll linkage
  c:\users\tyler\documents\github\gamelibrariesproject\ncgame\engine\id.h(20): note: see previous definition of 'public: static unsigned __int64 ID::ms_uniqueID'
c:\users\tyler\documents\github\gamelibrariesproject\ncgame\engine\id.cpp(3): error C2491: 'ID::ms_uniqueID': definition of dllimport static data member not allowed
c:\users\tyler\documents\github\gamelibrariesproject\ncgame\engine\id.cpp(6): warning C4273: 'ID::ID': inconsistent dll linkage
  c:\users\tyler\documents\github\gamelibrariesproject\ncgame\engine\id.h(8): note: see previous definition of '{ctor}'
c:\users\tyler\documents\github\gamelibrariesproject\ncgame\engine\id.cpp(11): warning C4273: 'ID::GetUniqueID': inconsistent dll linkage
  c:\users\tyler\documents\github\gamelibrariesproject\ncgame\engine\id.h(21): note: see previous definition of 'GetUniqueID'
  inputManager.cpp
c:\users\tyler\documents\github\gamelibrariesproject\ncgame\engine\inputmanager.cpp(5): warning C4273: 'InputManager::Initialize': inconsistent dll linkage
  c:\users\tyler\documents\github\gamelibrariesproject\ncgame\engine\inputmanager.h(53): note: see previous definition of 'Initialize'
c:\users\tyler\documents\github\gamelibrariesproject\ncgame\engine\inputmanager.cpp(22): warning C4267: 'argument': conversion from 'size_t' to 'int', possible loss of data
c:\users\tyler\documents\github\gamelibrariesproject\ncgame\engine\inputmanager.cpp(25): warning C4267: 'argument': conversion from 'size_t' to 'int', possible loss of data
c:\users\tyler\documents\github\gamelibrariesproject\ncgame\engine\inputmanager.cpp(38): warning C4273: 'InputManager::Shutdown': inconsistent dll linkage
  c:\users\tyler\documents\github\gamelibrariesproject\ncgame\engine\inputmanager.h(54): note: see previous definition of 'Shutdown'
c:\users\tyler\documents\github\gamelibrariesproject\ncgame\engine\inputmanager.cpp(44): warning C4273: 'InputManager::Update': inconsistent dll linkage
  c:\users\tyler\documents\github\gamelibrariesproject\ncgame\engine\inputmanager.h(55): note: see previous definition of 'Update'
c:\users\tyler\documents\github\gamelibrariesproject\ncgame\engine\inputmanager.cpp(76): warning C4273: 'InputManager::AddAction': inconsistent dll linkage
  c:\users\tyler\documents\github\gamelibrariesproject\ncgame\engine\inputmanager.h(57): note: see previous definition of 'AddAction'
c:\users\tyler\documents\github\gamelibrariesproject\ncgame\engine\inputmanager.cpp(87): warning C4273: 'InputManager::GetActionButton': inconsistent dll linkage
  c:\users\tyler\documents\github\gamelibrariesproject\ncgame\engine\inputmanager.h(58): note: see previous definition of 'GetActionButton'
c:\users\tyler\documents\github\gamelibrariesproject\ncgame\engine\inputmanager.cpp(104): warning C4273: 'InputManager::GetButtonState': inconsistent dll linkage
  c:\users\tyler\documents\github\gamelibrariesproject\ncgame\engine\inputmanager.h(59): note: see previous definition of 'GetButtonState'
c:\users\tyler\documents\github\gamelibrariesproject\ncgame\engine\inputmanager.cpp(123): warning C4273: 'InputManager::GetActionAxisAbsolute': inconsistent dll linkage
  c:\users\tyler\documents\github\gamelibrariesproject\ncgame\engine\inputmanager.h(60): note: see previous definition of 'GetActionAxisAbsolute'
c:\users\tyler\documents\github\gamelibrariesproject\ncgame\engine\inputmanager.cpp(137): warning C4273: 'InputManager::GetActionAxisRelative': inconsistent dll linkage
  c:\users\tyler\documents\github\gamelibrariesproject\ncgame\engine\inputmanager.h(61): note: see previous definition of 'GetActionAxisRelative'
c:\users\tyler\documents\github\gamelibrariesproject\ncgame\engine\inputmanager.cpp(151): warning C4273: 'InputManager::GetAxisAbsolute': inconsistent dll linkage
  c:\users\tyler\documents\github\gamelibrariesproject\ncgame\engine\inputmanager.h(63): note: see previous definition of 'GetAxisAbsolute'
c:\users\tyler\documents\github\gamelibrariesproject\ncgame\engine\inputmanager.cpp(172): warning C4273: 'InputManager::GetAxisRelative': inconsistent dll linkage
  c:\users\tyler\documents\github\gamelibrariesproject\ncgame\engine\inputmanager.h(64): note: see previous definition of 'GetAxisRelative'
c:\users\tyler\documents\github\gamelibrariesproject\ncgame\engine\inputmanager.cpp(193): warning C4273: 'InputManager::GetButtonDown': inconsistent dll linkage
  c:\users\tyler\documents\github\gamelibrariesproject\ncgame\engine\inputmanager.h(71): note: see previous definition of 'GetButtonDown'
c:\users\tyler\documents\github\gamelibrariesproject\ncgame\engine\inputmanager.cpp(214): warning C4273: 'InputManager::GetPreviousButtonDown': inconsistent dll linkage
  c:\users\tyler\documents\github\gamelibrariesproject\ncgame\engine\inputmanager.h(72): note: see previous definition of 'GetPreviousButtonDown'
  kinematicComponent.cpp
c:\users\tyler\documents\github\gamelibrariesproject\ncgame\engine\kinematiccomponent.cpp(7): warning C4273: 'KinematicComponent::Create': inconsistent dll linkage
  c:\users\tyler\documents\github\gamelibrariesproject\ncgame\engine\kinematiccomponent.h(10): note: see previous definition of 'Create'
c:\users\tyler\documents\github\gamelibrariesproject\ncgame\engine\kinematiccomponent.cpp(19): warning C4273: 'KinematicComponent::Destroy': inconsistent dll linkage
  c:\users\tyler\documents\github\gamelibrariesproject\ncgame\engine\kinematiccomponent.h(11): note: see previous definition of 'Destroy'
c:\users\tyler\documents\github\gamelibrariesproject\ncgame\engine\kinematiccomponent.cpp(24): warning C4273: 'KinematicComponent::Update': inconsistent dll linkage
  c:\users\tyler\documents\github\gamelibrariesproject\ncgame\engine\kinematiccomponent.h(12): note: see previous definition of 'Update'
c:\users\tyler\documents\github\gamelibrariesproject\ncgame\engine\kinematiccomponent.cpp(46): warning C4273: 'KinematicComponent::ApplyForce': inconsistent dll linkage
  c:\users\tyler\documents\github\gamelibrariesproject\ncgame\engine\kinematiccomponent.h(18): note: see previous definition of 'ApplyForce'
  object.cpp
  physics.cpp
c:\users\tyler\documents\github\gamelibrariesproject\ncgame\engine\physics.cpp(4): warning C4273: 'Physics::Initialize': inconsistent dll linkage
  c:\users\tyler\documents\github\gamelibrariesproject\ncgame\engine\physics.h(10): note: see previous definition of 'Initialize'
c:\users\tyler\documents\github\gamelibrariesproject\ncgame\engine\physics.cpp(10): warning C4273: 'Physics::Shutdown': inconsistent dll linkage
  c:\users\tyler\documents\github\gamelibrariesproject\ncgame\engine\physics.h(11): note: see previous definition of 'Shutdown'
c:\users\tyler\documents\github\gamelibrariesproject\ncgame\engine\physics.cpp(14): warning C4273: 'Physics::Update': inconsistent dll linkage
  c:\users\tyler\documents\github\gamelibrariesproject\ncgame\engine\physics.h(12): note: see previous definition of 'Update'
  scene.cpp
c:\users\tyler\documents\github\gamelibrariesproject\ncgame\engine\scene.cpp(12): warning C4273: 'Scene::Initialize': inconsistent dll linkage
  c:\users\tyler\documents\github\gamelibrariesproject\ncgame\engine\scene.h(16): note: see previous definition of 'Initialize'
c:\users\tyler\documents\github\gamelibrariesproject\ncgame\engine\scene.cpp(17): warning C4273: 'Scene::Update': inconsistent dll linkage
  c:\users\tyler\documents\github\gamelibrariesproject\ncgame\engine\scene.h(17): note: see previous definition of 'Update'
c:\users\tyler\documents\github\gamelibrariesproject\ncgame\engine\scene.cpp(73): warning C4273: 'Scene::Shutdown': inconsistent dll linkage
  c:\users\tyler\documents\github\gamelibrariesproject\ncgame\engine\scene.h(18): note: see previous definition of 'Shutdown'
c:\users\tyler\documents\github\gamelibrariesproject\ncgame\engine\scene.cpp(82): warning C4273: 'Scene::Draw': inconsistent dll linkage
  c:\users\tyler\documents\github\gamelibrariesproject\ncgame\engine\scene.h(19): note: see previous definition of 'Draw'
c:\users\tyler\documents\github\gamelibrariesproject\ncgame\engine\scene.cpp(104): warning C4273: 'Scene::AddEntity': inconsistent dll linkage
  c:\users\tyler\documents\github\gamelibrariesproject\ncgame\engine\scene.h(33): note: see previous definition of 'AddEntity'
c:\users\tyler\documents\github\gamelibrariesproject\ncgame\engine\scene.cpp(112): warning C4273: 'Scene::RemoveEntity': inconsistent dll linkage
  c:\users\tyler\documents\github\gamelibrariesproject\ncgame\engine\scene.h(34): note: see previous definition of 'RemoveEntity'
c:\users\tyler\documents\github\gamelibrariesproject\ncgame\engine\scene.cpp(130): warning C4273: 'Scene::GetEntityWithID': inconsistent dll linkage
  c:\users\tyler\documents\github\gamelibrariesproject\ncgame\engine\scene.h(36): note: see previous definition of 'GetEntityWithID'
c:\users\tyler\documents\github\gamelibrariesproject\ncgame\engine\scene.cpp(145): warning C4273: 'Scene::GetEntitiesWithTag': inconsistent dll linkage
  c:\users\tyler\documents\github\gamelibrariesproject\ncgame\engine\scene.h(37): note: see previous definition of 'GetEntitiesWithTag'
  shipExplosion.cpp
c:\users\tyler\documents\github\gamelibrariesproject\ncgame\engine\animationcomponent.h(25): warning C4267: 'return': conversion from 'size_t' to 'int', possible loss of data
c:\users\tyler\documents\github\gamelibrariesproject\ncgame\engine\shipexplosion.cpp(7): warning C4273: 'ShipExplosion::Create': inconsistent dll linkage
  c:\users\tyler\documents\github\gamelibrariesproject\ncgame\engine\shipexplosion.h(11): note: see previous definition of 'Create'
c:\users\tyler\documents\github\gamelibrariesproject\ncgame\engine\shipexplosion.cpp(19): warning C4273: 'ShipExplosion::Update': inconsistent dll linkage
  c:\users\tyler\documents\github\gamelibrariesproject\ncgame\engine\shipexplosion.h(12): note: see previous definition of 'Update'
  Generating Code...
  Compiling...
  spriteComponent.cpp
c:\users\tyler\documents\github\gamelibrariesproject\ncgame\engine\spritecomponent.cpp(7): warning C4273: 'SpriteComponent::Create': inconsistent dll linkage
  c:\users\tyler\documents\github\gamelibrariesproject\ncgame\engine\spritecomponent.h(15): note: see previous definition of 'Create'
c:\users\tyler\documents\github\gamelibrariesproject\ncgame\engine\spritecomponent.cpp(17): warning C4273: 'SpriteComponent::Destroy': inconsistent dll linkage
  c:\users\tyler\documents\github\gamelibrariesproject\ncgame\engine\spritecomponent.h(16): note: see previous definition of 'Destroy'
c:\users\tyler\documents\github\gamelibrariesproject\ncgame\engine\spritecomponent.cpp(22): warning C4273: 'SpriteComponent::Update': inconsistent dll linkage
  c:\users\tyler\documents\github\gamelibrariesproject\ncgame\engine\spritecomponent.h(17): note: see previous definition of 'Update'
c:\users\tyler\documents\github\gamelibrariesproject\ncgame\engine\spritecomponent.cpp(27): warning C4273: 'SpriteComponent::Draw': inconsistent dll linkage
  c:\users\tyler\documents\github\gamelibrariesproject\ncgame\engine\spritecomponent.h(19): note: see previous definition of 'Draw'
  state.cpp
  stateMachine.cpp
c:\users\tyler\documents\github\gamelibrariesproject\ncgame\engine\statemachine.cpp(6): warning C4273: 'StateMachine::Update': inconsistent dll linkage
  c:\users\tyler\documents\github\gamelibrariesproject\ncgame\engine\statemachine.h(15): note: see previous definition of 'Update'
c:\users\tyler\documents\github\gamelibrariesproject\ncgame\engine\statemachine.cpp(14): warning C4273: 'StateMachine::AddState': inconsistent dll linkage
  c:\users\tyler\documents\github\gamelibrariesproject\ncgame\engine\statemachine.h(17): note: see previous definition of 'AddState'
c:\users\tyler\documents\github\gamelibrariesproject\ncgame\engine\statemachine.cpp(20): warning C4273: 'StateMachine::SetState': inconsistent dll linkage
  c:\users\tyler\documents\github\gamelibrariesproject\ncgame\engine\statemachine.h(18): note: see previous definition of 'SetState'
  textComponent.cpp
c:\users\tyler\documents\github\gamelibrariesproject\ncgame\engine\textcomponent.cpp(6): warning C4273: 'TextComponent::Create': inconsistent dll linkage
  c:\users\tyler\documents\github\gamelibrariesproject\ncgame\engine\textcomponent.h(15): note: see previous definition of 'Create'
c:\users\tyler\documents\github\gamelibrariesproject\ncgame\engine\textcomponent.cpp(13): warning C4273: 'TextComponent::Destroy': inconsistent dll linkage
  c:\users\tyler\documents\github\gamelibrariesproject\ncgame\engine\textcomponent.h(16): note: see previous definition of 'Destroy'
c:\users\tyler\documents\github\gamelibrariesproject\ncgame\engine\textcomponent.cpp(17): warning C4273: 'TextComponent::Update': inconsistent dll linkage
  c:\users\tyler\documents\github\gamelibrariesproject\ncgame\engine\textcomponent.h(17): note: see previous definition of 'Update'
c:\users\tyler\documents\github\gamelibrariesproject\ncgame\engine\textcomponent.cpp(21): warning C4273: 'TextComponent::Draw': inconsistent dll linkage
  c:\users\tyler\documents\github\gamelibrariesproject\ncgame\engine\textcomponent.h(19): note: see previous definition of 'Draw'
c:\users\tyler\documents\github\gamelibrariesproject\ncgame\engine\textcomponent.cpp(27): warning C4273: 'TextComponent::SetText': inconsistent dll linkage
  c:\users\tyler\documents\github\gamelibrariesproject\ncgame\engine\textcomponent.h(21): note: see previous definition of 'SetText'
c:\users\tyler\documents\github\gamelibrariesproject\ncgame\engine\textcomponent.cpp(32): warning C4273: 'TextComponent::SetColor': inconsistent dll linkage
  c:\users\tyler\documents\github\gamelibrariesproject\ncgame\engine\textcomponent.h(22): note: see previous definition of 'SetColor'
  texture.cpp
  transform.cpp
  transformComponent.cpp
c:\users\tyler\documents\github\gamelibrariesproject\ncgame\engine\transformcomponent.cpp(4): warning C4273: 'TransformComponent::Create': inconsistent dll linkage
  c:\users\tyler\documents\github\gamelibrariesproject\ncgame\engine\transformcomponent.h(19): note: see previous definition of 'Create'
c:\users\tyler\documents\github\gamelibrariesproject\ncgame\engine\transformcomponent.cpp(12): warning C4273: 'TransformComponent::Destroy': inconsistent dll linkage
  c:\users\tyler\documents\github\gamelibrariesproject\ncgame\engine\transformcomponent.h(20): note: see previous definition of 'Destroy'
c:\users\tyler\documents\github\gamelibrariesproject\ncgame\engine\transformcomponent.cpp(17): warning C4273: 'TransformComponent::Update': inconsistent dll linkage
  c:\users\tyler\documents\github\gamelibrariesproject\ncgame\engine\transformcomponent.h(21): note: see previous definition of 'Update'
  transfromControllerComponent.cpp
c:\users\tyler\documents\github\gamelibrariesproject\ncgame\engine\transfromcontrollercomponent.cpp(10): warning C4273: 'TransformControllerComponent::Create': inconsistent dll linkage
  c:\users\tyler\documents\github\gamelibrariesproject\ncgame\engine\transfromcontrollercomponent.h(17): note: see previous definition of 'Create'
c:\users\tyler\documents\github\gamelibrariesproject\ncgame\engine\transfromcontrollercomponent.cpp(18): warning C4273: 'TransformControllerComponent::Destroy': inconsistent dll linkage
  c:\users\tyler\documents\github\gamelibrariesproject\ncgame\engine\transfromcontrollercomponent.h(18): note: see previous definition of 'Destroy'
c:\users\tyler\documents\github\gamelibrariesproject\ncgame\engine\transfromcontrollercomponent.cpp(22): warning C4273: 'TransformControllerComponent::Update': inconsistent dll linkage
  c:\users\tyler\documents\github\gamelibrariesproject\ncgame\engine\transfromcontrollercomponent.h(19): note: see previous definition of 'Update'
  waypoint.cpp
c:\users\tyler\documents\github\gamelibrariesproject\ncgame\engine\waypoint.cpp(5): warning C4273: 'Waypoint::Create': inconsistent dll linkage
  c:\users\tyler\documents\github\gamelibrariesproject\ncgame\engine\waypoint.h(10): note: see previous definition of 'Create'
c:\users\tyler\documents\github\gamelibrariesproject\ncgame\engine\waypoint.cpp(16): warning C4273: 'Waypoint::Update': inconsistent dll linkage
  c:\users\tyler\documents\github\gamelibrariesproject\ncgame\engine\waypoint.h(11): note: see previous definition of 'Update'
  waypointControllerComponent.cpp
c:\users\tyler\documents\github\gamelibrariesproject\ncgame\engine\waypointcontrollercomponent.cpp(11): warning C4273: 'WaypointControllerComponent::Create': inconsistent dll linkage
  c:\users\tyler\documents\github\gamelibrariesproject\ncgame\engine\waypointcontrollercomponent.h(14): note: see previous definition of 'Create'
c:\users\tyler\documents\github\gamelibrariesproject\ncgame\engine\waypointcontrollercomponent.cpp(26): warning C4273: 'WaypointControllerComponent::Destroy': inconsistent dll linkage
  c:\users\tyler\documents\github\gamelibrariesproject\ncgame\engine\waypointcontrollercomponent.h(15): note: see previous definition of 'Destroy'
c:\users\tyler\documents\github\gamelibrariesproject\ncgame\engine\waypointcontrollercomponent.cpp(34): warning C4273: 'WaypointControllerComponent::Update': inconsistent dll linkage
  c:\users\tyler\documents\github\gamelibrariesproject\ncgame\engine\waypointcontrollercomponent.h(16): note: see previous definition of 'Update'
c:\users\tyler\documents\github\gamelibrariesproject\ncgame\engine\waypointcontrollercomponent.cpp(73): warning C4273: 'WaypointControllerComponent::setNextWaypoint': inconsistent dll linkage
  c:\users\tyler\documents\github\gamelibrariesproject\ncgame\engine\waypointcontrollercomponent.h(18): note: see previous definition of 'setNextWaypoint'
  _math.cpp
c:\users\tyler\documents\github\gamelibrariesproject\ncgame\engine\_math.cpp(8): warning C4273: 'Math::Clamp': inconsistent dll linkage
  c:\users\tyler\documents\github\gamelibrariesproject\ncgame\engine\_math.h(18): note: see previous definition of 'Clamp'
c:\users\tyler\documents\github\gamelibrariesproject\ncgame\engine\_math.cpp(13): warning C4273: 'Math::Clamp01': inconsistent dll linkage
  c:\users\tyler\documents\github\gamelibrariesproject\ncgame\engine\_math.h(19): note: see previous definition of 'Clamp01'
c:\users\tyler\documents\github\gamelibrariesproject\ncgame\engine\_math.cpp(18): warning C4273: 'Math::GetRandom01': inconsistent dll linkage
  c:\users\tyler\documents\github\gamelibrariesproject\ncgame\engine\_math.h(20): note: see previous definition of 'GetRandom01'
c:\users\tyler\documents\github\gamelibrariesproject\ncgame\engine\_math.cpp(23): warning C4273: 'Math::GetRandomRange': inconsistent dll linkage
  c:\users\tyler\documents\github\gamelibrariesproject\ncgame\engine\_math.h(21): note: see previous definition of 'GetRandomRange'
c:\users\tyler\documents\github\gamelibrariesproject\ncgame\engine\_math.cpp(28): warning C4273: 'Math::Lerp': inconsistent dll linkage
  c:\users\tyler\documents\github\gamelibrariesproject\ncgame\engine\_math.h(22): note: see previous definition of 'Lerp'
c:\users\tyler\documents\github\gamelibrariesproject\ncgame\engine\_math.cpp(34): warning C4273: 'Math::LerpDegrees': inconsistent dll linkage
  c:\users\tyler\documents\github\gamelibrariesproject\ncgame\engine\_math.h(23): note: see previous definition of 'LerpDegrees'
c:\users\tyler\documents\github\gamelibrariesproject\ncgame\engine\_math.cpp(52): warning C4273: 'Math::LerpUnclamped': inconsistent dll linkage
  c:\users\tyler\documents\github\gamelibrariesproject\ncgame\engine\_math.h(24): note: see previous definition of 'LerpUnclamped'
c:\users\tyler\documents\github\gamelibrariesproject\ncgame\engine\_math.cpp(57): warning C4273: 'Math::IsZero': inconsistent dll linkage
  c:\users\tyler\documents\github\gamelibrariesproject\ncgame\engine\_math.h(25): note: see previous definition of 'IsZero'
  matrix22.cpp
c:\users\tyler\documents\github\gamelibrariesproject\ncgame\engine\matrix22.cpp(3): warning C4273: 'identity': inconsistent dll linkage
  c:\users\tyler\documents\github\gamelibrariesproject\ncgame\engine\matrix22.h(71): note: see previous definition of 'public: static Matrix22 const Matrix22::identity'
c:\users\tyler\documents\github\gamelibrariesproject\ncgame\engine\matrix22.cpp(3): error C2491: 'Matrix22::identity': definition of dllimport static data member not allowed
c:\users\tyler\documents\github\gamelibrariesproject\ncgame\engine\matrix22.cpp(6): warning C4273: 'Matrix22::Rotate': inconsistent dll linkage
  c:\users\tyler\documents\github\gamelibrariesproject\ncgame\engine\matrix22.h(37): note: see previous definition of 'Rotate'
  matrix33.cpp
c:\users\tyler\documents\github\gamelibrariesproject\ncgame\engine\matrix33.cpp(3): warning C4273: 'identity': inconsistent dll linkage
  c:\users\tyler\documents\github\gamelibrariesproject\ncgame\engine\matrix33.h(101): note: see previous definition of 'public: static Matrix33 const Matrix33::identity'
c:\users\tyler\documents\github\gamelibrariesproject\ncgame\engine\matrix33.cpp(3): error C2491: 'Matrix33::identity': definition of dllimport static data member not allowed
c:\users\tyler\documents\github\gamelibrariesproject\ncgame\engine\matrix33.cpp(6): warning C4273: 'Matrix33::Rotate': inconsistent dll linkage
  c:\users\tyler\documents\github\gamelibrariesproject\ncgame\engine\matrix33.h(42): note: see previous definition of 'Rotate'
  renderer.cpp
c:\users\tyler\documents\github\gamelibrariesproject\ncgame\engine\renderer.cpp(5): warning C4273: 'Renderer::Initialize': inconsistent dll linkage
  c:\users\tyler\documents\github\gamelibrariesproject\ncgame\engine\renderer.h(16): note: see previous definition of 'Initialize'
c:\users\tyler\documents\github\gamelibrariesproject\ncgame\engine\renderer.cpp(13): warning C4273: 'Renderer::Shutdown': inconsistent dll linkage
  c:\users\tyler\documents\github\gamelibrariesproject\ncgame\engine\renderer.h(18): note: see previous definition of 'Shutdown'
c:\users\tyler\documents\github\gamelibrariesproject\ncgame\engine\renderer.cpp(19): warning C4273: 'Renderer::Beginframe': inconsistent dll linkage
  c:\users\tyler\documents\github\gamelibrariesproject\ncgame\engine\renderer.h(19): note: see previous definition of 'Beginframe'
c:\users\tyler\documents\github\gamelibrariesproject\ncgame\engine\renderer.cpp(24): warning C4273: 'Renderer::EndFrame': inconsistent dll linkage
  c:\users\tyler\documents\github\gamelibrariesproject\ncgame\engine\renderer.h(20): note: see previous definition of 'EndFrame'
c:\users\tyler\documents\github\gamelibrariesproject\ncgame\engine\renderer.cpp(29): warning C4273: 'Renderer::SetColor': inconsistent dll linkage
  c:\users\tyler\documents\github\gamelibrariesproject\ncgame\engine\renderer.h(21): note: see previous definition of 'SetColor'
c:\users\tyler\documents\github\gamelibrariesproject\ncgame\engine\renderer.cpp(34): warning C4273: 'Renderer::DrawTexture': inconsistent dll linkage
  c:\users\tyler\documents\github\gamelibrariesproject\ncgame\engine\renderer.h(22): note: see previous definition of 'DrawTexture'
c:\users\tyler\documents\github\gamelibrariesproject\ncgame\engine\renderer.cpp(42): warning C4273: 'Renderer::DrawTexture': inconsistent dll linkage
  c:\users\tyler\documents\github\gamelibrariesproject\ncgame\engine\renderer.h(23): note: see previous definition of 'DrawTexture'
c:\users\tyler\documents\github\gamelibrariesproject\ncgame\engine\renderer.cpp(53): warning C4273: 'Renderer::DrawTexture': inconsistent dll linkage
  c:\users\tyler\documents\github\gamelibrariesproject\ncgame\engine\renderer.h(24): note: see previous definition of 'DrawTexture'
c:\users\tyler\documents\github\gamelibrariesproject\ncgame\engine\renderer.cpp(58): warning C4273: 'Renderer::DebugDrawLine': inconsistent dll linkage
  c:\users\tyler\documents\github\gamelibrariesproject\ncgame\engine\renderer.h(26): note: see previous definition of 'DebugDrawLine'
c:\users\tyler\documents\github\gamelibrariesproject\ncgame\engine\renderer.cpp(73): warning C4273: 'Renderer::GetSize': inconsistent dll linkage
  c:\users\tyler\documents\github\gamelibrariesproject\ncgame\engine\renderer.h(28): note: see previous definition of 'GetSize'
  text.cpp
c:\users\tyler\documents\github\gamelibrariesproject\ncgame\engine\text.cpp(7): warning C4273: 'Text::Text': inconsistent dll linkage
  c:\users\tyler\documents\github\gamelibrariesproject\ncgame\engine\text.h(14): note: see previous definition of '{ctor}'
c:\users\tyler\documents\github\gamelibrariesproject\ncgame\engine\text.cpp(12): warning C4273: 'Text::~Text': inconsistent dll linkage
  c:\users\tyler\documents\github\gamelibrariesproject\ncgame\engine\text.h(15): note: see previous definition of '{dtor}'
c:\users\tyler\documents\github\gamelibrariesproject\ncgame\engine\text.cpp(18): warning C4273: 'Text::Create': inconsistent dll linkage
  c:\users\tyler\documents\github\gamelibrariesproject\ncgame\engine\text.h(17): note: see previous definition of 'Create'
c:\users\tyler\documents\github\gamelibrariesproject\ncgame\engine\text.cpp(31): warning C4273: 'Text::Draw': inconsistent dll linkage
  c:\users\tyler\documents\github\gamelibrariesproject\ncgame\engine\text.h(19): note: see previous definition of 'Draw'
c:\users\tyler\documents\github\gamelibrariesproject\ncgame\engine\text.cpp(37): warning C4273: 'Text::SetText': inconsistent dll linkage
  c:\users\tyler\documents\github\gamelibrariesproject\ncgame\engine\text.h(21): note: see previous definition of 'SetText'
c:\users\tyler\documents\github\gamelibrariesproject\ncgame\engine\text.cpp(46): warning C4273: 'Text::SetText': inconsistent dll linkage
  c:\users\tyler\documents\github\gamelibrariesproject\ncgame\engine\text.h(22): note: see previous definition of 'SetText'
c:\users\tyler\documents\github\gamelibrariesproject\ncgame\engine\text.cpp(56): warning C4273: 'Text::SetColor': inconsistent dll linkage
  c:\users\tyler\documents\github\gamelibrariesproject\ncgame\engine\text.h(23): note: see previous definition of 'SetColor'
c:\users\tyler\documents\github\gamelibrariesproject\ncgame\engine\text.cpp(64): warning C4273: 'Text::CreateTexture': inconsistent dll linkage
  c:\users\tyler\documents\github\gamelibrariesproject\ncgame\engine\text.h(26): note: see previous definition of 'CreateTexture'
  TextManager.cpp
c:\users\tyler\documents\github\gamelibrariesproject\ncgame\engine\textmanager.cpp(4): warning C4273: 'TextManager::Initialize': inconsistent dll linkage
  c:\users\tyler\documents\github\gamelibrariesproject\ncgame\engine\textmanager.h(13): note: see previous definition of 'Initialize'
c:\users\tyler\documents\github\gamelibrariesproject\ncgame\engine\textmanager.cpp(13): warning C4273: 'TextManager::Shutdown': inconsistent dll linkage
  c:\users\tyler\documents\github\gamelibrariesproject\ncgame\engine\textmanager.h(14): note: see previous definition of 'Shutdown'
c:\users\tyler\documents\github\gamelibrariesproject\ncgame\engine\textmanager.cpp(24): warning C4273: 'TextManager::CreateText': inconsistent dll linkage
  c:\users\tyler\documents\github\gamelibrariesproject\ncgame\engine\textmanager.h(16): note: see previous definition of 'CreateText'
c:\users\tyler\documents\github\gamelibrariesproject\ncgame\engine\textmanager.cpp(35): warning C4273: 'TextManager::DestroyText': inconsistent dll linkage
  c:\users\tyler\documents\github\gamelibrariesproject\ncgame\engine\textmanager.h(17): note: see previous definition of 'DestroyText'
  textureManager.cpp
c:\users\tyler\documents\github\gamelibrariesproject\ncgame\engine\texturemanager.cpp(7): warning C4273: 'TextureManager::Initialize': inconsistent dll linkage
  c:\users\tyler\documents\github\gamelibrariesproject\ncgame\engine\texturemanager.h(10): note: see previous definition of 'Initialize'
c:\users\tyler\documents\github\gamelibrariesproject\ncgame\engine\texturemanager.cpp(13): warning C4273: 'TextureManager::Shutdown': inconsistent dll linkage
  c:\users\tyler\documents\github\gamelibrariesproject\ncgame\engine\texturemanager.h(11): note: see previous definition of 'Shutdown'
c:\users\tyler\documents\github\gamelibrariesproject\ncgame\engine\texturemanager.cpp(21): warning C4273: 'TextureManager::GetTexture': inconsistent dll linkage
  c:\users\tyler\documents\github\gamelibrariesproject\ncgame\engine\texturemanager.h(13): note: see previous definition of 'GetTexture'
  timer.cpp
c:\users\tyler\documents\github\gamelibrariesproject\ncgame\engine\timer.cpp(5): warning C4273: 'Timer::Initialize': inconsistent dll linkage
  c:\users\tyler\documents\github\gamelibrariesproject\ncgame\engine\timer.h(9): note: see previous definition of 'Initialize'
c:\users\tyler\documents\github\gamelibrariesproject\ncgame\engine\timer.cpp(13): warning C4273: 'Timer::Shutdown': inconsistent dll linkage
  c:\users\tyler\documents\github\gamelibrariesproject\ncgame\engine\timer.h(10): note: see previous definition of 'Shutdown'
c:\users\tyler\documents\github\gamelibrariesproject\ncgame\engine\timer.cpp(17): warning C4273: 'Timer::Update': inconsistent dll linkage
  c:\users\tyler\documents\github\gamelibrariesproject\ncgame\engine\timer.h(11): note: see previous definition of 'Update'
  vector2D.cpp
c:\users\tyler\documents\github\gamelibrariesproject\ncgame\engine\vector2d.cpp(7): warning C4273: 'zero': inconsistent dll linkage
  c:\users\tyler\documents\github\gamelibrariesproject\ncgame\engine\vector2d.h(53): note: see previous definition of 'public: static Vector2D const Vector2D::zero'
c:\users\tyler\documents\github\gamelibrariesproject\ncgame\engine\vector2d.cpp(7): error C2491: 'Vector2D::zero': definition of dllimport static data member not allowed
c:\users\tyler\documents\github\gamelibrariesproject\ncgame\engine\vector2d.cpp(8): warning C4273: 'one': inconsistent dll linkage
  c:\users\tyler\documents\github\gamelibrariesproject\ncgame\engine\vector2d.h(54): note: see previous definition of 'public: static Vector2D const Vector2D::one'
c:\users\tyler\documents\github\gamelibrariesproject\ncgame\engine\vector2d.cpp(8): error C2491: 'Vector2D::one': definition of dllimport static data member not allowed
c:\users\tyler\documents\github\gamelibrariesproject\ncgame\engine\vector2d.cpp(9): warning C4273: 'up': inconsistent dll linkage
  c:\users\tyler\documents\github\gamelibrariesproject\ncgame\engine\vector2d.h(55): note: see previous definition of 'public: static Vector2D const Vector2D::up'
c:\users\tyler\documents\github\gamelibrariesproject\ncgame\engine\vector2d.cpp(9): error C2491: 'Vector2D::up': definition of dllimport static data member not allowed
c:\users\tyler\documents\github\gamelibrariesproject\ncgame\engine\vector2d.cpp(10): warning C4273: 'down': inconsistent dll linkage
  c:\users\tyler\documents\github\gamelibrariesproject\ncgame\engine\vector2d.h(56): note: see previous definition of 'public: static Vector2D const Vector2D::down'
c:\users\tyler\documents\github\gamelibrariesproject\ncgame\engine\vector2d.cpp(10): error C2491: 'Vector2D::down': definition of dllimport static data member not allowed
c:\users\tyler\documents\github\gamelibrariesproject\ncgame\engine\vector2d.cpp(11): warning C4273: 'left': inconsistent dll linkage
  c:\users\tyler\documents\github\gamelibrariesproject\ncgame\engine\vector2d.h(57): note: see previous definition of 'public: static Vector2D const Vector2D::left'
c:\users\tyler\documents\github\gamelibrariesproject\ncgame\engine\vector2d.cpp(11): error C2491: 'Vector2D::left': definition of dllimport static data member not allowed
c:\users\tyler\documents\github\gamelibrariesproject\ncgame\engine\vector2d.cpp(12): warning C4273: 'right': inconsistent dll linkage
  c:\users\tyler\documents\github\gamelibrariesproject\ncgame\engine\vector2d.h(58): note: see previous definition of 'public: static Vector2D const Vector2D::right'
c:\users\tyler\documents\github\gamelibrariesproject\ncgame\engine\vector2d.cpp(12): error C2491: 'Vector2D::right': definition of dllimport static data member not allowed
c:\users\tyler\documents\github\gamelibrariesproject\ncgame\engine\vector2d.cpp(32): warning C4273: 'Vector2D::LengthSquared': inconsistent dll linkage
  c:\users\tyler\documents\github\gamelibrariesproject\ncgame\engine\vector2d.h(60): note: see previous definition of 'LengthSquared'
c:\users\tyler\documents\github\gamelibrariesproject\ncgame\engine\vector2d.cpp(37): warning C4273: 'Vector2D::Length': inconsistent dll linkage
  c:\users\tyler\documents\github\gamelibrariesproject\ncgame\engine\vector2d.h(61): note: see previous definition of 'Length'
c:\users\tyler\documents\github\gamelibrariesproject\ncgame\engine\vector2d.cpp(42): warning C4273: 'Vector2D::Normalize': inconsistent dll linkage
  c:\users\tyler\documents\github\gamelibrariesproject\ncgame\engine\vector2d.h(63): note: see previous definition of 'Normalize'
c:\users\tyler\documents\github\gamelibrariesproject\ncgame\engine\vector2d.cpp(58): warning C4273: 'Vector2D::Normalized': inconsistent dll linkage
  c:\users\tyler\documents\github\gamelibrariesproject\ncgame\engine\vector2d.h(64): note: see previous definition of 'Normalized'
c:\users\tyler\documents\github\gamelibrariesproject\ncgame\engine\vector2d.cpp(71): warning C4273: 'Vector2D::LengthSquared': inconsistent dll linkage
  c:\users\tyler\documents\github\gamelibrariesproject\ncgame\engine\vector2d.h(66): note: see previous definition of 'LengthSquared'
c:\users\tyler\documents\github\gamelibrariesproject\ncgame\engine\vector2d.cpp(76): warning C4273: 'Vector2D::Length': inconsistent dll linkage
  c:\users\tyler\documents\github\gamelibrariesproject\ncgame\engine\vector2d.h(67): note: see previous definition of 'Length'
c:\users\tyler\documents\github\gamelibrariesproject\ncgame\engine\vector2d.cpp(81): warning C4273: 'Vector2D::Dot': inconsistent dll linkage
  c:\users\tyler\documents\github\gamelibrariesproject\ncgame\engine\vector2d.h(68): note: see previous definition of 'Dot'
c:\users\tyler\documents\github\gamelibrariesproject\ncgame\engine\vector2d.cpp(86): warning C4273: 'Vector2D::Min': inconsistent dll linkage
  c:\users\tyler\documents\github\gamelibrariesproject\ncgame\engine\vector2d.h(69): note: see previous definition of 'Min'
c:\users\tyler\documents\github\gamelibrariesproject\ncgame\engine\vector2d.cpp(91): warning C4273: 'Vector2D::Max': inconsistent dll linkage
  c:\users\tyler\documents\github\gamelibrariesproject\ncgame\engine\vector2d.h(70): note: see previous definition of 'Max'
c:\users\tyler\documents\github\gamelibrariesproject\ncgame\engine\vector2d.cpp(96): warning C4273: 'Vector2D::Rotate': inconsistent dll linkage
  c:\users\tyler\documents\github\gamelibrariesproject\ncgame\engine\vector2d.h(71): note: see previous definition of 'Rotate'
c:\users\tyler\documents\github\gamelibrariesproject\ncgame\engine\vector2d.cpp(104): warning C4273: 'Vector2D::GetAngle': inconsistent dll linkage
  c:\users\tyler\documents\github\gamelibrariesproject\ncgame\engine\vector2d.h(72): note: see previous definition of 'GetAngle'
c:\users\tyler\documents\github\gamelibrariesproject\ncgame\engine\vector2d.cpp(109): warning C4273: 'Vector2D::GetRandomUnitCircle': inconsistent dll linkage
  c:\users\tyler\documents\github\gamelibrariesproject\ncgame\engine\vector2d.h(73): note: see previous definition of 'GetRandomUnitCircle'
  vector3D.cpp
c:\users\tyler\documents\github\gamelibrariesproject\ncgame\engine\vector3d.cpp(6): warning C4273: 'zero': inconsistent dll linkage
  c:\users\tyler\documents\github\gamelibrariesproject\ncgame\engine\vector3d.h(59): note: see previous definition of 'public: static Vector3D const Vector3D::zero'
c:\users\tyler\documents\github\gamelibrariesproject\ncgame\engine\vector3d.cpp(6): error C2491: 'Vector3D::zero': definition of dllimport static data member not allowed
c:\users\tyler\documents\github\gamelibrariesproject\ncgame\engine\vector3d.cpp(7): warning C4273: 'one': inconsistent dll linkage
  c:\users\tyler\documents\github\gamelibrariesproject\ncgame\engine\vector3d.h(60): note: see previous definition of 'public: static Vector3D const Vector3D::one'
c:\users\tyler\documents\github\gamelibrariesproject\ncgame\engine\vector3d.cpp(7): error C2491: 'Vector3D::one': definition of dllimport static data member not allowed
c:\users\tyler\documents\github\gamelibrariesproject\ncgame\engine\vector3d.cpp(8): warning C4273: 'up': inconsistent dll linkage
  c:\users\tyler\documents\github\gamelibrariesproject\ncgame\engine\vector3d.h(61): note: see previous definition of 'public: static Vector3D const Vector3D::up'
c:\users\tyler\documents\github\gamelibrariesproject\ncgame\engine\vector3d.cpp(8): error C2491: 'Vector3D::up': definition of dllimport static data member not allowed
c:\users\tyler\documents\github\gamelibrariesproject\ncgame\engine\vector3d.cpp(9): warning C4273: 'down': inconsistent dll linkage
  c:\users\tyler\documents\github\gamelibrariesproject\ncgame\engine\vector3d.h(62): note: see previous definition of 'public: static Vector3D const Vector3D::down'
c:\users\tyler\documents\github\gamelibrariesproject\ncgame\engine\vector3d.cpp(9): error C2491: 'Vector3D::down': definition of dllimport static data member not allowed
c:\users\tyler\documents\github\gamelibrariesproject\ncgame\engine\vector3d.cpp(10): warning C4273: 'left': inconsistent dll linkage
  c:\users\tyler\documents\github\gamelibrariesproject\ncgame\engine\vector3d.h(63): note: see previous definition of 'public: static Vector3D const Vector3D::left'
c:\users\tyler\documents\github\gamelibrariesproject\ncgame\engine\vector3d.cpp(10): error C2491: 'Vector3D::left': definition of dllimport static data member not allowed
c:\users\tyler\documents\github\gamelibrariesproject\ncgame\engine\vector3d.cpp(11): warning C4273: 'right': inconsistent dll linkage
  c:\users\tyler\documents\github\gamelibrariesproject\ncgame\engine\vector3d.h(64): note: see previous definition of 'public: static Vector3D const Vector3D::right'
c:\users\tyler\documents\github\gamelibrariesproject\ncgame\engine\vector3d.cpp(11): error C2491: 'Vector3D::right': definition of dllimport static data member not allowed
c:\users\tyler\documents\github\gamelibrariesproject\ncgame\engine\vector3d.cpp(33): warning C4273: 'Vector3D::operator !=': inconsistent dll linkage
  c:\users\tyler\documents\github\gamelibrariesproject\ncgame\engine\vector3d.h(23): note: see previous definition of '!='
c:\users\tyler\documents\github\gamelibrariesproject\ncgame\engine\vector3d.cpp(38): warning C4273: 'Vector3D::operator <': inconsistent dll linkage
  c:\users\tyler\documents\github\gamelibrariesproject\ncgame\engine\vector3d.h(24): note: see previous definition of '<'
c:\users\tyler\documents\github\gamelibrariesproject\ncgame\engine\vector3d.cpp(43): warning C4273: 'Vector3D::operator >': inconsistent dll linkage
  c:\users\tyler\documents\github\gamelibrariesproject\ncgame\engine\vector3d.h(25): note: see previous definition of '>'
c:\users\tyler\documents\github\gamelibrariesproject\ncgame\engine\vector3d.cpp(48): warning C4273: 'Vector3D::LengthSquared': inconsistent dll linkage
  c:\users\tyler\documents\github\gamelibrariesproject\ncgame\engine\vector3d.h(66): note: see previous definition of 'LengthSquared'
c:\users\tyler\documents\github\gamelibrariesproject\ncgame\engine\vector3d.cpp(53): warning C4273: 'Vector3D::Length': inconsistent dll linkage
  c:\users\tyler\documents\github\gamelibrariesproject\ncgame\engine\vector3d.h(67): note: see previous definition of 'Length'
c:\users\tyler\documents\github\gamelibrariesproject\ncgame\engine\vector3d.cpp(58): warning C4273: 'Vector3D::Normalize': inconsistent dll linkage
  c:\users\tyler\documents\github\gamelibrariesproject\ncgame\engine\vector3d.h(68): note: see previous definition of 'Normalize'
c:\users\tyler\documents\github\gamelibrariesproject\ncgame\engine\vector3d.cpp(75): warning C4273: 'Vector3D::Normalized': inconsistent dll linkage
  c:\users\tyler\documents\github\gamelibrariesproject\ncgame\engine\vector3d.h(69): note: see previous definition of 'Normalized'
  Generating Code...
