c:\users\tyler\source\repos\ncgame\engine\x64\debug\vc141.pdb
c:\users\tyler\source\repos\ncgame\engine\x64\debug\vc141.idb
c:\users\tyler\source\repos\ncgame\engine\x64\debug\shipexplosion.obj
c:\users\tyler\source\repos\ncgame\engine\x64\debug\scene.obj
c:\users\tyler\source\repos\ncgame\engine\x64\debug\physics.obj
c:\users\tyler\source\repos\ncgame\engine\x64\debug\object.obj
c:\users\tyler\source\repos\ncgame\engine\x64\debug\kinematiccomponent.obj
c:\users\tyler\source\repos\ncgame\engine\x64\debug\inputmanager.obj
c:\users\tyler\source\repos\ncgame\engine\x64\debug\filesystem.obj
c:\users\tyler\source\repos\ncgame\engine\x64\debug\eventmanager.obj
c:\users\tyler\source\repos\ncgame\engine\x64\debug\entity.obj
c:\users\tyler\source\repos\ncgame\engine\x64\debug\engine.obj
c:\users\tyler\source\repos\ncgame\engine\x64\debug\explosion.obj
c:\users\tyler\source\repos\ncgame\engine\x64\debug\debugdraw.obj
c:\users\tyler\source\repos\ncgame\engine\x64\debug\controllercomponent.obj
c:\users\tyler\source\repos\ncgame\engine\x64\debug\component.obj
c:\users\tyler\source\repos\ncgame\engine\x64\debug\audiosystems.obj
c:\users\tyler\source\repos\ncgame\engine\x64\debug\animationcomponent.obj
c:\users\tyler\source\repos\ncgame\engine\x64\debug\aabbcomponent.obj
c:\users\tyler\source\repos\ncgame\engine\x64\debug\aabb.obj
c:\users\tyler\source\repos\ncgame\engine\x64\debug\timer.obj
c:\users\tyler\source\repos\ncgame\engine\x64\debug\texturemanager.obj
c:\users\tyler\source\repos\ncgame\engine\x64\debug\textmanager.obj
c:\users\tyler\source\repos\ncgame\engine\x64\debug\text.obj
c:\users\tyler\source\repos\ncgame\engine\x64\debug\renderer.obj
c:\users\tyler\source\repos\ncgame\engine\x64\debug\_math.obj
c:\users\tyler\source\repos\ncgame\engine\x64\debug\waypointcontrollercomponent.obj
c:\users\tyler\source\repos\ncgame\engine\x64\debug\waypoint.obj
c:\users\tyler\source\repos\ncgame\engine\x64\debug\transfromcontrollercomponent.obj
c:\users\tyler\source\repos\ncgame\engine\x64\debug\transformcomponent.obj
c:\users\tyler\source\repos\ncgame\engine\x64\debug\transform.obj
c:\users\tyler\source\repos\ncgame\engine\x64\debug\texture.obj
c:\users\tyler\source\repos\ncgame\engine\x64\debug\textcomponent.obj
c:\users\tyler\source\repos\ncgame\engine\x64\debug\statemachine.obj
c:\users\tyler\source\repos\ncgame\engine\x64\debug\state.obj
c:\users\tyler\source\repos\ncgame\engine\x64\debug\spritecomponent.obj
c:\users\tyler\source\repos\ncgame\x64\debug\engine.pdb
c:\users\tyler\source\repos\ncgame\x64\debug\engine.ilk
c:\users\tyler\source\repos\ncgame\engine\x64\debug\engine.tlog\cl.command.1.tlog
c:\users\tyler\source\repos\ncgame\engine\x64\debug\engine.tlog\cl.read.1.tlog
c:\users\tyler\source\repos\ncgame\engine\x64\debug\engine.tlog\cl.write.1.tlog
