c:\users\tyler\source\repos\ncgame\engine\debug\vc141.pdb
c:\users\tyler\source\repos\ncgame\engine\debug\vc141.idb
c:\users\tyler\source\repos\ncgame\engine\debug\vector3d.obj
c:\users\tyler\source\repos\ncgame\engine\debug\vector2d.obj
c:\users\tyler\source\repos\ncgame\engine\debug\timer.obj
c:\users\tyler\source\repos\ncgame\engine\debug\texturemanager.obj
c:\users\tyler\source\repos\ncgame\engine\debug\textmanager.obj
c:\users\tyler\source\repos\ncgame\engine\debug\text.obj
c:\users\tyler\source\repos\ncgame\engine\debug\renderer.obj
c:\users\tyler\source\repos\ncgame\engine\debug\matrix33.obj
c:\users\tyler\source\repos\ncgame\engine\debug\matrix22.obj
c:\users\tyler\source\repos\ncgame\engine\debug\_math.obj
c:\users\tyler\source\repos\ncgame\engine\debug\transformcomponent.obj
c:\users\tyler\source\repos\ncgame\engine\debug\spritecomponent.obj
c:\users\tyler\source\repos\ncgame\engine\debug\object.obj
c:\users\tyler\source\repos\ncgame\engine\debug\inputmanager.obj
c:\users\tyler\source\repos\ncgame\engine\debug\id.obj
c:\users\tyler\source\repos\ncgame\engine\debug\entity.obj
c:\users\tyler\source\repos\ncgame\engine\debug\engine.obj
c:\users\tyler\source\repos\ncgame\engine\debug\component.obj
c:\users\tyler\source\repos\ncgame\engine\debug\color.obj
c:\users\tyler\source\repos\ncgame\engine\debug\audiosystems.obj
c:\users\tyler\source\repos\ncgame\debug\engine.lib
c:\users\tyler\source\repos\ncgame\debug\engine.exp
c:\users\tyler\source\repos\ncgame\debug\engine.ilk
c:\users\tyler\source\repos\ncgame\debug\engine.dll
c:\users\tyler\source\repos\ncgame\debug\engine.pdb
c:\users\tyler\source\repos\ncgame\engine\debug\engine.tlog\cl.command.1.tlog
c:\users\tyler\source\repos\ncgame\engine\debug\engine.tlog\cl.read.1.tlog
c:\users\tyler\source\repos\ncgame\engine\debug\engine.tlog\cl.write.1.tlog
c:\users\tyler\source\repos\ncgame\engine\debug\engine.tlog\engine.write.1u.tlog
c:\users\tyler\source\repos\ncgame\engine\debug\engine.tlog\link.command.1.tlog
c:\users\tyler\source\repos\ncgame\engine\debug\engine.tlog\link.read.1.tlog
c:\users\tyler\source\repos\ncgame\engine\debug\engine.tlog\link.write.1.tlog
